2016-01-08 11:54:37 - PHP Notice:  Undefined index: pt-br in /Applications/MAMP/htdocs/ferreirovega/admin/index.php on line 119
2016-01-08 11:54:37 - PHP Notice:  Undefined index: pt-br in /Applications/MAMP/htdocs/ferreirovega/admin/index.php on line 122
2016-01-08 11:54:37 - PHP Notice:  Undefined index: pt-br in /Applications/MAMP/htdocs/ferreirovega/admin/index.php on line 123
2016-01-08 11:54:40 - PHP Notice:  Undefined index: pt-br in /Applications/MAMP/htdocs/ferreirovega/admin/index.php on line 119
2016-01-08 11:54:40 - PHP Notice:  Undefined index: pt-br in /Applications/MAMP/htdocs/ferreirovega/admin/index.php on line 122
2016-01-08 11:54:40 - PHP Notice:  Undefined index: pt-br in /Applications/MAMP/htdocs/ferreirovega/admin/index.php on line 123
2016-01-08 11:54:40 - PHP Notice:  Undefined index: pt-br in /Applications/MAMP/htdocs/ferreirovega/admin/index.php on line 119
2016-01-08 11:54:40 - PHP Notice:  Undefined index: pt-br in /Applications/MAMP/htdocs/ferreirovega/admin/index.php on line 122
2016-01-08 11:54:40 - PHP Notice:  Undefined index: pt-br in /Applications/MAMP/htdocs/ferreirovega/admin/index.php on line 123
2016-01-08 11:55:16 - PHP Notice:  Undefined index: pt-br in /Applications/MAMP/htdocs/ferreirovega/admin/index.php on line 119
2016-01-08 11:55:16 - PHP Notice:  Undefined index: pt-br in /Applications/MAMP/htdocs/ferreirovega/admin/index.php on line 122
2016-01-08 11:55:16 - PHP Notice:  Undefined index: pt-br in /Applications/MAMP/htdocs/ferreirovega/admin/index.php on line 123
2016-01-08 11:55:16 - PHP Notice:  Undefined index: pt-br in /Applications/MAMP/htdocs/ferreirovega/admin/index.php on line 119
2016-01-08 11:55:16 - PHP Notice:  Undefined index: pt-br in /Applications/MAMP/htdocs/ferreirovega/admin/index.php on line 122
2016-01-08 11:55:16 - PHP Notice:  Undefined index: pt-br in /Applications/MAMP/htdocs/ferreirovega/admin/index.php on line 123
2016-01-08 11:55:23 - PHP Notice:  Undefined index: pt-br in /Applications/MAMP/htdocs/ferreirovega/admin/index.php on line 119
2016-01-08 11:55:23 - PHP Notice:  Undefined index: pt-br in /Applications/MAMP/htdocs/ferreirovega/admin/index.php on line 122
2016-01-08 11:55:23 - PHP Notice:  Undefined index: pt-br in /Applications/MAMP/htdocs/ferreirovega/admin/index.php on line 123
2016-01-08 11:55:24 - PHP Notice:  Undefined index: pt-br in /Applications/MAMP/htdocs/ferreirovega/admin/index.php on line 119
2016-01-08 11:55:24 - PHP Notice:  Undefined index: pt-br in /Applications/MAMP/htdocs/ferreirovega/admin/index.php on line 122
2016-01-08 11:55:24 - PHP Notice:  Undefined index: pt-br in /Applications/MAMP/htdocs/ferreirovega/admin/index.php on line 123
2016-01-08 11:55:24 - PHP Notice:  Undefined index: pt-br in /Applications/MAMP/htdocs/ferreirovega/admin/index.php on line 119
2016-01-08 11:55:24 - PHP Notice:  Undefined index: pt-br in /Applications/MAMP/htdocs/ferreirovega/admin/index.php on line 122
2016-01-08 11:55:24 - PHP Notice:  Undefined index: pt-br in /Applications/MAMP/htdocs/ferreirovega/admin/index.php on line 123
2016-01-08 11:55:28 - PHP Notice:  Undefined index: pt-br in /Applications/MAMP/htdocs/ferreirovega/admin/index.php on line 119
2016-01-08 11:55:28 - PHP Notice:  Undefined index: pt-br in /Applications/MAMP/htdocs/ferreirovega/admin/index.php on line 122
2016-01-08 11:55:28 - PHP Notice:  Undefined index: pt-br in /Applications/MAMP/htdocs/ferreirovega/admin/index.php on line 123
2016-01-08 11:55:29 - PHP Notice:  Undefined index: pt-br in /Applications/MAMP/htdocs/ferreirovega/admin/index.php on line 119
2016-01-08 11:55:29 - PHP Notice:  Undefined index: pt-br in /Applications/MAMP/htdocs/ferreirovega/admin/index.php on line 122
2016-01-08 11:55:29 - PHP Notice:  Undefined index: pt-br in /Applications/MAMP/htdocs/ferreirovega/admin/index.php on line 123
2016-01-08 11:55:37 - PHP Notice:  Undefined index: pt-br in /Applications/MAMP/htdocs/ferreirovega/admin/index.php on line 119
2016-01-08 11:55:37 - PHP Notice:  Undefined index: pt-br in /Applications/MAMP/htdocs/ferreirovega/admin/index.php on line 122
2016-01-08 11:55:37 - PHP Notice:  Undefined index: pt-br in /Applications/MAMP/htdocs/ferreirovega/admin/index.php on line 123
2016-01-08 11:55:41 - PHP Notice:  Undefined index: pt-br in /Applications/MAMP/htdocs/ferreirovega/admin/index.php on line 119
2016-01-08 11:55:41 - PHP Notice:  Undefined index: pt-br in /Applications/MAMP/htdocs/ferreirovega/admin/index.php on line 122
2016-01-08 11:55:41 - PHP Notice:  Undefined index: pt-br in /Applications/MAMP/htdocs/ferreirovega/admin/index.php on line 123
2016-01-08 11:55:44 - PHP Notice:  Undefined index: pt-br in /Applications/MAMP/htdocs/ferreirovega/admin/index.php on line 119
2016-01-08 11:55:44 - PHP Notice:  Undefined index: pt-br in /Applications/MAMP/htdocs/ferreirovega/admin/index.php on line 122
2016-01-08 11:55:44 - PHP Notice:  Undefined index: pt-br in /Applications/MAMP/htdocs/ferreirovega/admin/index.php on line 123
2016-01-08 11:55:44 - PHP Notice:  Undefined index: pt-br in /Applications/MAMP/htdocs/ferreirovega/admin/index.php on line 119
2016-01-08 11:55:44 - PHP Notice:  Undefined index: pt-br in /Applications/MAMP/htdocs/ferreirovega/admin/index.php on line 122
2016-01-08 11:55:44 - PHP Notice:  Undefined index: pt-br in /Applications/MAMP/htdocs/ferreirovega/admin/index.php on line 123
2016-01-08 11:55:55 - PHP Notice:  Undefined index: pt-br in /Applications/MAMP/htdocs/ferreirovega/admin/index.php on line 119
2016-01-08 11:55:55 - PHP Notice:  Undefined index: pt-br in /Applications/MAMP/htdocs/ferreirovega/admin/index.php on line 122
2016-01-08 11:55:55 - PHP Notice:  Undefined index: pt-br in /Applications/MAMP/htdocs/ferreirovega/admin/index.php on line 123
2016-01-08 11:55:59 - PHP Notice:  Undefined index: pt-br in /Applications/MAMP/htdocs/ferreirovega/admin/index.php on line 119
2016-01-08 11:55:59 - PHP Notice:  Undefined index: pt-br in /Applications/MAMP/htdocs/ferreirovega/admin/index.php on line 122
2016-01-08 11:55:59 - PHP Notice:  Undefined index: pt-br in /Applications/MAMP/htdocs/ferreirovega/admin/index.php on line 123
2016-01-08 11:56:57 - PHP Notice:  Undefined index: pt-br in /Applications/MAMP/htdocs/ferreirovega/admin/index.php on line 119
2016-01-08 11:56:57 - PHP Notice:  Undefined index: pt-br in /Applications/MAMP/htdocs/ferreirovega/admin/index.php on line 122
2016-01-08 11:56:57 - PHP Notice:  Undefined index: pt-br in /Applications/MAMP/htdocs/ferreirovega/admin/index.php on line 123
2016-01-08 12:30:08 - PHP Notice:  Undefined variable: icon in /Applications/MAMP/htdocs/ferreirovega/catalog/view/theme/black_justin/template/common/header.tpl on line 20
2016-01-08 12:30:08 - PHP Notice:  Undefined variable: google_analytics in /Applications/MAMP/htdocs/ferreirovega/catalog/view/theme/black_justin/template/common/header.tpl on line 42
2016-01-08 12:30:08 - PHP Notice:  Undefined variable: baner in /Applications/MAMP/htdocs/ferreirovega/catalog/view/theme/black_justin/template/common/home.tpl on line 2
2016-01-08 12:30:08 - PHP Notice:  Undefined variable: baner_1 in /Applications/MAMP/htdocs/ferreirovega/catalog/view/theme/black_justin/template/common/home.tpl on line 7
2016-01-08 12:30:08 - PHP Notice:  Undefined variable: baner_2 in /Applications/MAMP/htdocs/ferreirovega/catalog/view/theme/black_justin/template/common/home.tpl on line 12
2016-01-08 12:30:08 - PHP Notice:  Undefined variable: baner_3 in /Applications/MAMP/htdocs/ferreirovega/catalog/view/theme/black_justin/template/common/home.tpl on line 17
2016-01-08 12:39:12 - PHP Notice:  Undefined variable: icon in /Applications/MAMP/htdocs/ferreirovega/catalog/view/theme/black_justin/template/common/header.tpl on line 20
2016-01-08 12:39:12 - PHP Notice:  Undefined variable: google_analytics in /Applications/MAMP/htdocs/ferreirovega/catalog/view/theme/black_justin/template/common/header.tpl on line 42
2016-01-08 12:39:12 - PHP Notice:  Undefined variable: baner in /Applications/MAMP/htdocs/ferreirovega/catalog/view/theme/black_justin/template/common/home.tpl on line 2
2016-01-08 12:39:12 - PHP Notice:  Undefined variable: baner_1 in /Applications/MAMP/htdocs/ferreirovega/catalog/view/theme/black_justin/template/common/home.tpl on line 7
2016-01-08 12:39:12 - PHP Notice:  Undefined variable: baner_2 in /Applications/MAMP/htdocs/ferreirovega/catalog/view/theme/black_justin/template/common/home.tpl on line 12
2016-01-08 12:39:12 - PHP Notice:  Undefined variable: baner_3 in /Applications/MAMP/htdocs/ferreirovega/catalog/view/theme/black_justin/template/common/home.tpl on line 17
2016-01-08 12:39:25 - PHP Notice:  Undefined variable: icon in /Applications/MAMP/htdocs/ferreirovega/catalog/view/theme/black_justin/template/common/header.tpl on line 20
2016-01-08 12:39:25 - PHP Notice:  Undefined variable: google_analytics in /Applications/MAMP/htdocs/ferreirovega/catalog/view/theme/black_justin/template/common/header.tpl on line 42
2016-01-08 12:39:25 - PHP Notice:  Undefined variable: baner in /Applications/MAMP/htdocs/ferreirovega/catalog/view/theme/black_justin/template/common/home.tpl on line 2
2016-01-08 12:39:25 - PHP Notice:  Undefined variable: baner_1 in /Applications/MAMP/htdocs/ferreirovega/catalog/view/theme/black_justin/template/common/home.tpl on line 7
2016-01-08 12:39:25 - PHP Notice:  Undefined variable: baner_2 in /Applications/MAMP/htdocs/ferreirovega/catalog/view/theme/black_justin/template/common/home.tpl on line 12
2016-01-08 12:39:25 - PHP Notice:  Undefined variable: baner_3 in /Applications/MAMP/htdocs/ferreirovega/catalog/view/theme/black_justin/template/common/home.tpl on line 17
2016-01-08 12:39:56 - PHP Notice:  Undefined variable: icon in /Applications/MAMP/htdocs/ferreirovega/catalog/view/theme/black_justin/template/common/header.tpl on line 20
2016-01-08 12:39:56 - PHP Notice:  Undefined variable: google_analytics in /Applications/MAMP/htdocs/ferreirovega/catalog/view/theme/black_justin/template/common/header.tpl on line 42
2016-01-08 12:39:56 - PHP Notice:  Undefined variable: baner in /Applications/MAMP/htdocs/ferreirovega/catalog/view/theme/black_justin/template/common/home.tpl on line 2
2016-01-08 12:39:56 - PHP Notice:  Undefined variable: baner_1 in /Applications/MAMP/htdocs/ferreirovega/catalog/view/theme/black_justin/template/common/home.tpl on line 7
2016-01-08 12:39:56 - PHP Notice:  Undefined variable: baner_2 in /Applications/MAMP/htdocs/ferreirovega/catalog/view/theme/black_justin/template/common/home.tpl on line 12
2016-01-08 12:39:56 - PHP Notice:  Undefined variable: baner_3 in /Applications/MAMP/htdocs/ferreirovega/catalog/view/theme/black_justin/template/common/home.tpl on line 17
2016-01-08 12:40:04 - PHP Notice:  Undefined variable: icon in /Applications/MAMP/htdocs/ferreirovega/catalog/view/theme/black_justin/template/common/header.tpl on line 20
2016-01-08 12:40:04 - PHP Notice:  Undefined variable: google_analytics in /Applications/MAMP/htdocs/ferreirovega/catalog/view/theme/black_justin/template/common/header.tpl on line 42
2016-01-08 12:40:04 - PHP Notice:  Undefined variable: baner in /Applications/MAMP/htdocs/ferreirovega/catalog/view/theme/black_justin/template/common/home.tpl on line 2
2016-01-08 12:40:04 - PHP Notice:  Undefined variable: baner_1 in /Applications/MAMP/htdocs/ferreirovega/catalog/view/theme/black_justin/template/common/home.tpl on line 7
2016-01-08 12:40:04 - PHP Notice:  Undefined variable: baner_2 in /Applications/MAMP/htdocs/ferreirovega/catalog/view/theme/black_justin/template/common/home.tpl on line 12
2016-01-08 12:40:04 - PHP Notice:  Undefined variable: baner_3 in /Applications/MAMP/htdocs/ferreirovega/catalog/view/theme/black_justin/template/common/home.tpl on line 17
2016-01-08 12:40:09 - PHP Notice:  Undefined variable: icon in /Applications/MAMP/htdocs/ferreirovega/catalog/view/theme/black_justin/template/common/header.tpl on line 20
2016-01-08 12:40:09 - PHP Notice:  Undefined variable: google_analytics in /Applications/MAMP/htdocs/ferreirovega/catalog/view/theme/black_justin/template/common/header.tpl on line 42
2016-01-08 12:41:25 - PHP Notice:  Undefined variable: icon in /Applications/MAMP/htdocs/ferreirovega/catalog/view/theme/black_justin/template/common/header.tpl on line 20
2016-01-08 12:41:25 - PHP Notice:  Undefined variable: google_analytics in /Applications/MAMP/htdocs/ferreirovega/catalog/view/theme/black_justin/template/common/header.tpl on line 42
2016-01-08 12:41:54 - PHP Notice:  Undefined variable: icon in /Applications/MAMP/htdocs/ferreirovega/catalog/view/theme/black_justin/template/common/header.tpl on line 20
2016-01-08 12:41:54 - PHP Notice:  Undefined variable: google_analytics in /Applications/MAMP/htdocs/ferreirovega/catalog/view/theme/black_justin/template/common/header.tpl on line 42
2016-01-08 12:42:05 - PHP Notice:  Undefined variable: icon in /Applications/MAMP/htdocs/ferreirovega/catalog/view/theme/black_justin/template/common/header.tpl on line 20
2016-01-08 12:42:05 - PHP Notice:  Undefined variable: google_analytics in /Applications/MAMP/htdocs/ferreirovega/catalog/view/theme/black_justin/template/common/header.tpl on line 42
2016-01-08 12:53:24 - PHP Notice:  Undefined variable: icon in /Applications/MAMP/htdocs/ferreirovega/catalog/view/theme/luxury/template/common/header.tpl on line 20
2016-01-08 12:53:24 - PHP Notice:  Undefined variable: google_analytics in /Applications/MAMP/htdocs/ferreirovega/catalog/view/theme/luxury/template/common/header.tpl on line 42
2016-01-08 12:56:16 - PHP Notice:  Undefined variable: icon in /Applications/MAMP/htdocs/ferreirovega/catalog/view/theme/luxury/template/common/header.tpl on line 20
2016-01-08 12:56:16 - PHP Notice:  Undefined variable: google_analytics in /Applications/MAMP/htdocs/ferreirovega/catalog/view/theme/luxury/template/common/header.tpl on line 42
2016-01-08 12:56:22 - PHP Notice:  Undefined variable: icon in /Applications/MAMP/htdocs/ferreirovega/catalog/view/theme/luxury/template/common/header.tpl on line 20
2016-01-08 12:56:22 - PHP Notice:  Undefined variable: google_analytics in /Applications/MAMP/htdocs/ferreirovega/catalog/view/theme/luxury/template/common/header.tpl on line 42
2016-01-08 12:56:50 - PHP Notice:  Undefined variable: icon in /Applications/MAMP/htdocs/ferreirovega/catalog/view/theme/luxury/template/common/header.tpl on line 20
2016-01-08 12:56:50 - PHP Notice:  Undefined variable: google_analytics in /Applications/MAMP/htdocs/ferreirovega/catalog/view/theme/luxury/template/common/header.tpl on line 42
2016-01-08 12:56:50 - PHP Notice:  Undefined variable: baner in /Applications/MAMP/htdocs/ferreirovega/catalog/view/theme/luxury/template/common/home.tpl on line 2
2016-01-08 12:56:50 - PHP Notice:  Undefined variable: baner_1 in /Applications/MAMP/htdocs/ferreirovega/catalog/view/theme/luxury/template/common/home.tpl on line 7
2016-01-08 12:56:50 - PHP Notice:  Undefined variable: baner_2 in /Applications/MAMP/htdocs/ferreirovega/catalog/view/theme/luxury/template/common/home.tpl on line 12
2016-01-08 12:56:50 - PHP Notice:  Undefined variable: baner_3 in /Applications/MAMP/htdocs/ferreirovega/catalog/view/theme/luxury/template/common/home.tpl on line 17
2016-01-08 12:56:55 - PHP Notice:  Undefined variable: icon in /Applications/MAMP/htdocs/ferreirovega/catalog/view/theme/luxury/template/common/header.tpl on line 20
2016-01-08 12:56:55 - PHP Notice:  Undefined variable: google_analytics in /Applications/MAMP/htdocs/ferreirovega/catalog/view/theme/luxury/template/common/header.tpl on line 42
2016-01-08 12:57:03 - PHP Notice:  Undefined variable: icon in /Applications/MAMP/htdocs/ferreirovega/catalog/view/theme/luxury/template/common/header.tpl on line 20
2016-01-08 12:57:03 - PHP Notice:  Undefined variable: google_analytics in /Applications/MAMP/htdocs/ferreirovega/catalog/view/theme/luxury/template/common/header.tpl on line 42
2016-01-08 12:57:28 - PHP Notice:  Undefined variable: icon in /Applications/MAMP/htdocs/ferreirovega/catalog/view/theme/luxury/template/common/header.tpl on line 20
2016-01-08 12:57:28 - PHP Notice:  Undefined variable: google_analytics in /Applications/MAMP/htdocs/ferreirovega/catalog/view/theme/luxury/template/common/header.tpl on line 42
2016-01-08 13:09:03 - PHP Notice:  Undefined variable: icon in /Applications/MAMP/htdocs/ferreirovega/catalog/view/theme/black_justin/template/common/header.tpl on line 20
2016-01-08 13:09:03 - PHP Notice:  Undefined variable: google_analytics in /Applications/MAMP/htdocs/ferreirovega/catalog/view/theme/black_justin/template/common/header.tpl on line 42
2016-01-08 13:10:18 - PHP Notice:  Undefined variable: icon in /Applications/MAMP/htdocs/ferreirovega/catalog/view/theme/black_justin/template/common/header.tpl on line 20
2016-01-08 13:10:18 - PHP Notice:  Undefined variable: google_analytics in /Applications/MAMP/htdocs/ferreirovega/catalog/view/theme/black_justin/template/common/header.tpl on line 42
2016-01-08 13:10:28 - PHP Notice:  Undefined variable: icon in /Applications/MAMP/htdocs/ferreirovega/catalog/view/theme/black_justin/template/common/header.tpl on line 20
2016-01-08 13:10:28 - PHP Notice:  Undefined variable: google_analytics in /Applications/MAMP/htdocs/ferreirovega/catalog/view/theme/black_justin/template/common/header.tpl on line 42
2016-01-08 13:10:36 - PHP Notice:  Undefined variable: icon in /Applications/MAMP/htdocs/ferreirovega/catalog/view/theme/black_justin/template/common/header.tpl on line 20
2016-01-08 13:10:36 - PHP Notice:  Undefined variable: google_analytics in /Applications/MAMP/htdocs/ferreirovega/catalog/view/theme/black_justin/template/common/header.tpl on line 42
2016-01-08 13:11:25 - PHP Notice:  Undefined variable: icon in /Applications/MAMP/htdocs/ferreirovega/catalog/view/theme/black_justin/template/common/header.tpl on line 20
2016-01-08 13:11:25 - PHP Notice:  Undefined variable: google_analytics in /Applications/MAMP/htdocs/ferreirovega/catalog/view/theme/black_justin/template/common/header.tpl on line 42
2016-01-08 13:11:39 - PHP Notice:  Undefined variable: icon in /Applications/MAMP/htdocs/ferreirovega/catalog/view/theme/black_justin/template/common/header.tpl on line 20
2016-01-08 13:11:39 - PHP Notice:  Undefined variable: google_analytics in /Applications/MAMP/htdocs/ferreirovega/catalog/view/theme/black_justin/template/common/header.tpl on line 42
2016-01-08 13:13:30 - PHP Notice:  Undefined variable: icon in /Applications/MAMP/htdocs/ferreirovega/catalog/view/theme/black_justin/template/common/header.tpl on line 20
2016-01-08 13:13:30 - PHP Notice:  Undefined variable: google_analytics in /Applications/MAMP/htdocs/ferreirovega/catalog/view/theme/black_justin/template/common/header.tpl on line 42
2016-01-08 13:14:47 - PHP Notice:  Undefined variable: icon in /Applications/MAMP/htdocs/ferreirovega/catalog/view/theme/black_justin/template/common/header.tpl on line 20
2016-01-08 13:14:47 - PHP Notice:  Undefined variable: google_analytics in /Applications/MAMP/htdocs/ferreirovega/catalog/view/theme/black_justin/template/common/header.tpl on line 42
2016-01-08 13:15:05 - PHP Notice:  Undefined variable: icon in /Applications/MAMP/htdocs/ferreirovega/catalog/view/theme/black_justin/template/common/header.tpl on line 20
2016-01-08 13:15:05 - PHP Notice:  Undefined variable: google_analytics in /Applications/MAMP/htdocs/ferreirovega/catalog/view/theme/black_justin/template/common/header.tpl on line 42
2016-01-08 13:15:05 - PHP Notice:  Undefined variable: baner in /Applications/MAMP/htdocs/ferreirovega/catalog/view/theme/black_justin/template/common/home.tpl on line 2
2016-01-08 13:15:05 - PHP Notice:  Undefined variable: baner_1 in /Applications/MAMP/htdocs/ferreirovega/catalog/view/theme/black_justin/template/common/home.tpl on line 7
2016-01-08 13:15:05 - PHP Notice:  Undefined variable: baner_2 in /Applications/MAMP/htdocs/ferreirovega/catalog/view/theme/black_justin/template/common/home.tpl on line 12
2016-01-08 13:15:05 - PHP Notice:  Undefined variable: baner_3 in /Applications/MAMP/htdocs/ferreirovega/catalog/view/theme/black_justin/template/common/home.tpl on line 17
2016-01-08 13:18:37 - PHP Notice:  Undefined variable: icon in /Applications/MAMP/htdocs/ferreirovega/catalog/view/theme/black_justin/template/common/header.tpl on line 20
2016-01-08 13:18:37 - PHP Notice:  Undefined variable: google_analytics in /Applications/MAMP/htdocs/ferreirovega/catalog/view/theme/black_justin/template/common/header.tpl on line 42
2016-01-08 13:18:37 - PHP Notice:  Undefined variable: baner in /Applications/MAMP/htdocs/ferreirovega/catalog/view/theme/black_justin/template/common/home.tpl on line 2
2016-01-08 13:18:37 - PHP Notice:  Undefined variable: baner_1 in /Applications/MAMP/htdocs/ferreirovega/catalog/view/theme/black_justin/template/common/home.tpl on line 7
2016-01-08 13:18:37 - PHP Notice:  Undefined variable: baner_2 in /Applications/MAMP/htdocs/ferreirovega/catalog/view/theme/black_justin/template/common/home.tpl on line 12
2016-01-08 13:18:37 - PHP Notice:  Undefined variable: baner_3 in /Applications/MAMP/htdocs/ferreirovega/catalog/view/theme/black_justin/template/common/home.tpl on line 17
2016-01-08 13:19:28 - PHP Notice:  Undefined variable: icon in /Applications/MAMP/htdocs/ferreirovega/catalog/view/theme/black_justin/template/common/header.tpl on line 20
2016-01-08 13:19:28 - PHP Notice:  Undefined variable: google_analytics in /Applications/MAMP/htdocs/ferreirovega/catalog/view/theme/black_justin/template/common/header.tpl on line 42
2016-01-08 13:19:28 - PHP Notice:  Undefined variable: baner in /Applications/MAMP/htdocs/ferreirovega/catalog/view/theme/black_justin/template/common/home.tpl on line 2
2016-01-08 13:19:28 - PHP Notice:  Undefined variable: baner_1 in /Applications/MAMP/htdocs/ferreirovega/catalog/view/theme/black_justin/template/common/home.tpl on line 7
2016-01-08 13:19:28 - PHP Notice:  Undefined variable: baner_2 in /Applications/MAMP/htdocs/ferreirovega/catalog/view/theme/black_justin/template/common/home.tpl on line 12
2016-01-08 13:19:28 - PHP Notice:  Undefined variable: baner_3 in /Applications/MAMP/htdocs/ferreirovega/catalog/view/theme/black_justin/template/common/home.tpl on line 17
2016-01-08 13:19:42 - PHP Notice:  Undefined variable: icon in /Applications/MAMP/htdocs/ferreirovega/catalog/view/theme/black_justin/template/common/header.tpl on line 20
2016-01-08 13:19:42 - PHP Notice:  Undefined variable: google_analytics in /Applications/MAMP/htdocs/ferreirovega/catalog/view/theme/black_justin/template/common/header.tpl on line 42
2016-01-08 13:20:09 - PHP Notice:  Undefined variable: icon in /Applications/MAMP/htdocs/ferreirovega/catalog/view/theme/black_justin/template/common/header.tpl on line 20
2016-01-08 13:20:09 - PHP Notice:  Undefined variable: google_analytics in /Applications/MAMP/htdocs/ferreirovega/catalog/view/theme/black_justin/template/common/header.tpl on line 42
2016-01-08 13:20:32 - PHP Notice:  Undefined variable: icon in /Applications/MAMP/htdocs/ferreirovega/catalog/view/theme/black_justin/template/common/header.tpl on line 20
2016-01-08 13:20:32 - PHP Notice:  Undefined variable: google_analytics in /Applications/MAMP/htdocs/ferreirovega/catalog/view/theme/black_justin/template/common/header.tpl on line 42
2016-01-08 13:22:27 - PHP Notice:  Undefined variable: icon in /Applications/MAMP/htdocs/ferreirovega/catalog/view/theme/black_justin/template/common/header.tpl on line 20
2016-01-08 13:22:27 - PHP Notice:  Undefined variable: google_analytics in /Applications/MAMP/htdocs/ferreirovega/catalog/view/theme/black_justin/template/common/header.tpl on line 42
2016-01-08 13:30:41 - PHP Notice:  Undefined variable: icon in /Applications/MAMP/htdocs/ferreirovega/catalog/view/theme/black_justin/template/common/header.tpl on line 20
2016-01-08 13:30:41 - PHP Notice:  Undefined variable: google_analytics in /Applications/MAMP/htdocs/ferreirovega/catalog/view/theme/black_justin/template/common/header.tpl on line 42
2016-01-08 13:31:23 - PHP Notice:  Undefined variable: icon in /Applications/MAMP/htdocs/ferreirovega/catalog/view/theme/black_justin/template/common/header.tpl on line 20
2016-01-08 13:31:23 - PHP Notice:  Undefined variable: google_analytics in /Applications/MAMP/htdocs/ferreirovega/catalog/view/theme/black_justin/template/common/header.tpl on line 42
2016-01-08 13:31:33 - PHP Notice:  Undefined variable: icon in /Applications/MAMP/htdocs/ferreirovega/catalog/view/theme/black_justin/template/common/header.tpl on line 20
2016-01-08 13:31:33 - PHP Notice:  Undefined variable: google_analytics in /Applications/MAMP/htdocs/ferreirovega/catalog/view/theme/black_justin/template/common/header.tpl on line 42
2016-01-08 13:31:33 - PHP Notice:  Undefined variable: baner in /Applications/MAMP/htdocs/ferreirovega/catalog/view/theme/black_justin/template/common/home.tpl on line 2
2016-01-08 13:31:33 - PHP Notice:  Undefined variable: baner_1 in /Applications/MAMP/htdocs/ferreirovega/catalog/view/theme/black_justin/template/common/home.tpl on line 7
2016-01-08 13:31:33 - PHP Notice:  Undefined variable: baner_2 in /Applications/MAMP/htdocs/ferreirovega/catalog/view/theme/black_justin/template/common/home.tpl on line 12
2016-01-08 13:31:33 - PHP Notice:  Undefined variable: baner_3 in /Applications/MAMP/htdocs/ferreirovega/catalog/view/theme/black_justin/template/common/home.tpl on line 17
2016-01-08 13:32:54 - PHP Notice:  Undefined index: image in /Applications/MAMP/htdocs/ferreirovega/catalog/view/theme/black_justin/template/module/latest.tpl on line 68
2016-01-08 13:32:54 - PHP Notice:  Undefined variable: images in /Applications/MAMP/htdocs/ferreirovega/catalog/view/theme/black_justin/template/module/latest.tpl on line 71
2016-01-08 13:32:54 - PHP Notice:  Undefined index: full_description in /Applications/MAMP/htdocs/ferreirovega/catalog/view/theme/black_justin/template/module/latest.tpl on line 107
2016-01-08 13:32:55 - PHP Notice:  Undefined variable: icon in /Applications/MAMP/htdocs/ferreirovega/catalog/view/theme/black_justin/template/common/header.tpl on line 20
2016-01-08 13:32:55 - PHP Notice:  Undefined variable: google_analytics in /Applications/MAMP/htdocs/ferreirovega/catalog/view/theme/black_justin/template/common/header.tpl on line 42
2016-01-08 13:32:55 - PHP Notice:  Undefined variable: baner in /Applications/MAMP/htdocs/ferreirovega/catalog/view/theme/black_justin/template/common/home.tpl on line 2
2016-01-08 13:32:55 - PHP Notice:  Undefined variable: baner_1 in /Applications/MAMP/htdocs/ferreirovega/catalog/view/theme/black_justin/template/common/home.tpl on line 7
2016-01-08 13:32:55 - PHP Notice:  Undefined variable: baner_2 in /Applications/MAMP/htdocs/ferreirovega/catalog/view/theme/black_justin/template/common/home.tpl on line 12
2016-01-08 13:32:55 - PHP Notice:  Undefined variable: baner_3 in /Applications/MAMP/htdocs/ferreirovega/catalog/view/theme/black_justin/template/common/home.tpl on line 17
2016-01-08 18:55:24 - PHP Notice:  Undefined index: image in /Applications/MAMP/htdocs/ferreirovega/catalog/view/theme/black_justin/template/module/latest.tpl on line 68
2016-01-08 18:55:24 - PHP Notice:  Undefined variable: images in /Applications/MAMP/htdocs/ferreirovega/catalog/view/theme/black_justin/template/module/latest.tpl on line 71
2016-01-08 18:55:24 - PHP Notice:  Undefined index: full_description in /Applications/MAMP/htdocs/ferreirovega/catalog/view/theme/black_justin/template/module/latest.tpl on line 107
2016-01-08 18:55:26 - PHP Notice:  Undefined variable: icon in /Applications/MAMP/htdocs/ferreirovega/catalog/view/theme/black_justin/template/common/header.tpl on line 20
2016-01-08 18:55:26 - PHP Notice:  Undefined variable: google_analytics in /Applications/MAMP/htdocs/ferreirovega/catalog/view/theme/black_justin/template/common/header.tpl on line 42
2016-01-08 18:55:26 - PHP Notice:  Undefined variable: baner in /Applications/MAMP/htdocs/ferreirovega/catalog/view/theme/black_justin/template/common/home.tpl on line 2
2016-01-08 18:55:26 - PHP Notice:  Undefined variable: baner_1 in /Applications/MAMP/htdocs/ferreirovega/catalog/view/theme/black_justin/template/common/home.tpl on line 7
2016-01-08 18:55:26 - PHP Notice:  Undefined variable: baner_2 in /Applications/MAMP/htdocs/ferreirovega/catalog/view/theme/black_justin/template/common/home.tpl on line 12
2016-01-08 18:55:26 - PHP Notice:  Undefined variable: baner_3 in /Applications/MAMP/htdocs/ferreirovega/catalog/view/theme/black_justin/template/common/home.tpl on line 17
2016-01-08 19:04:50 - PHP Notice:  Undefined index: image in /Applications/MAMP/htdocs/ferreirovega/catalog/view/theme/black_justin/template/module/latest.tpl on line 68
2016-01-08 19:04:50 - PHP Notice:  Undefined variable: images in /Applications/MAMP/htdocs/ferreirovega/catalog/view/theme/black_justin/template/module/latest.tpl on line 71
2016-01-08 19:04:50 - PHP Notice:  Undefined index: full_description in /Applications/MAMP/htdocs/ferreirovega/catalog/view/theme/black_justin/template/module/latest.tpl on line 107
2016-01-08 19:04:51 - PHP Notice:  Undefined variable: icon in /Applications/MAMP/htdocs/ferreirovega/catalog/view/theme/black_justin/template/common/header.tpl on line 20
2016-01-08 19:04:51 - PHP Notice:  Undefined variable: google_analytics in /Applications/MAMP/htdocs/ferreirovega/catalog/view/theme/black_justin/template/common/header.tpl on line 42
2016-01-08 19:04:51 - PHP Notice:  Undefined variable: baner in /Applications/MAMP/htdocs/ferreirovega/catalog/view/theme/black_justin/template/common/home.tpl on line 2
2016-01-08 19:04:51 - PHP Notice:  Undefined variable: baner_1 in /Applications/MAMP/htdocs/ferreirovega/catalog/view/theme/black_justin/template/common/home.tpl on line 7
2016-01-08 19:04:51 - PHP Notice:  Undefined variable: baner_2 in /Applications/MAMP/htdocs/ferreirovega/catalog/view/theme/black_justin/template/common/home.tpl on line 12
2016-01-08 19:04:51 - PHP Notice:  Undefined variable: baner_3 in /Applications/MAMP/htdocs/ferreirovega/catalog/view/theme/black_justin/template/common/home.tpl on line 17
2016-01-08 19:06:00 - PHP Notice:  Undefined index: image in /Applications/MAMP/htdocs/ferreirovega/catalog/view/theme/black_justin/template/module/latest.tpl on line 68
2016-01-08 19:06:00 - PHP Notice:  Undefined variable: images in /Applications/MAMP/htdocs/ferreirovega/catalog/view/theme/black_justin/template/module/latest.tpl on line 71
2016-01-08 19:06:00 - PHP Notice:  Undefined index: full_description in /Applications/MAMP/htdocs/ferreirovega/catalog/view/theme/black_justin/template/module/latest.tpl on line 107
2016-01-08 19:06:00 - PHP Notice:  Undefined variable: icon in /Applications/MAMP/htdocs/ferreirovega/catalog/view/theme/black_justin/template/common/header.tpl on line 20
2016-01-08 19:06:00 - PHP Notice:  Undefined variable: google_analytics in /Applications/MAMP/htdocs/ferreirovega/catalog/view/theme/black_justin/template/common/header.tpl on line 42
2016-01-08 19:06:00 - PHP Notice:  Undefined variable: baner in /Applications/MAMP/htdocs/ferreirovega/catalog/view/theme/black_justin/template/common/home.tpl on line 2
2016-01-08 19:06:00 - PHP Notice:  Undefined variable: baner_1 in /Applications/MAMP/htdocs/ferreirovega/catalog/view/theme/black_justin/template/common/home.tpl on line 7
2016-01-08 19:06:00 - PHP Notice:  Undefined variable: baner_2 in /Applications/MAMP/htdocs/ferreirovega/catalog/view/theme/black_justin/template/common/home.tpl on line 12
2016-01-08 19:06:00 - PHP Notice:  Undefined variable: baner_3 in /Applications/MAMP/htdocs/ferreirovega/catalog/view/theme/black_justin/template/common/home.tpl on line 17
2016-01-08 19:11:23 - PHP Notice:  Undefined index: image in /Applications/MAMP/htdocs/ferreirovega/catalog/view/theme/black_justin/template/module/latest.tpl on line 68
2016-01-08 19:11:23 - PHP Notice:  Undefined variable: images in /Applications/MAMP/htdocs/ferreirovega/catalog/view/theme/black_justin/template/module/latest.tpl on line 71
2016-01-08 19:11:23 - PHP Notice:  Undefined index: full_description in /Applications/MAMP/htdocs/ferreirovega/catalog/view/theme/black_justin/template/module/latest.tpl on line 107
2016-01-08 19:11:23 - PHP Notice:  Undefined variable: icon in /Applications/MAMP/htdocs/ferreirovega/catalog/view/theme/black_justin/template/common/header.tpl on line 20
2016-01-08 19:11:23 - PHP Notice:  Undefined variable: google_analytics in /Applications/MAMP/htdocs/ferreirovega/catalog/view/theme/black_justin/template/common/header.tpl on line 42
2016-01-08 19:11:23 - PHP Notice:  Undefined variable: baner in /Applications/MAMP/htdocs/ferreirovega/catalog/view/theme/black_justin/template/common/home.tpl on line 2
2016-01-08 19:11:23 - PHP Notice:  Undefined variable: baner_1 in /Applications/MAMP/htdocs/ferreirovega/catalog/view/theme/black_justin/template/common/home.tpl on line 7
2016-01-08 19:11:23 - PHP Notice:  Undefined variable: baner_2 in /Applications/MAMP/htdocs/ferreirovega/catalog/view/theme/black_justin/template/common/home.tpl on line 12
2016-01-08 19:11:23 - PHP Notice:  Undefined variable: baner_3 in /Applications/MAMP/htdocs/ferreirovega/catalog/view/theme/black_justin/template/common/home.tpl on line 17
2016-01-08 19:12:19 - PHP Notice:  Undefined index: image in /Applications/MAMP/htdocs/ferreirovega/catalog/view/theme/black_justin/template/module/latest.tpl on line 68
2016-01-08 19:12:19 - PHP Notice:  Undefined variable: images in /Applications/MAMP/htdocs/ferreirovega/catalog/view/theme/black_justin/template/module/latest.tpl on line 71
2016-01-08 19:12:19 - PHP Notice:  Undefined index: full_description in /Applications/MAMP/htdocs/ferreirovega/catalog/view/theme/black_justin/template/module/latest.tpl on line 107
2016-01-08 19:12:20 - PHP Notice:  Undefined variable: icon in /Applications/MAMP/htdocs/ferreirovega/catalog/view/theme/black_justin/template/common/header.tpl on line 20
2016-01-08 19:12:20 - PHP Notice:  Undefined variable: google_analytics in /Applications/MAMP/htdocs/ferreirovega/catalog/view/theme/black_justin/template/common/header.tpl on line 42
2016-01-08 19:12:20 - PHP Notice:  Undefined variable: baner in /Applications/MAMP/htdocs/ferreirovega/catalog/view/theme/black_justin/template/common/home.tpl on line 2
2016-01-08 19:12:20 - PHP Notice:  Undefined variable: baner_1 in /Applications/MAMP/htdocs/ferreirovega/catalog/view/theme/black_justin/template/common/home.tpl on line 7
2016-01-08 19:12:20 - PHP Notice:  Undefined variable: baner_2 in /Applications/MAMP/htdocs/ferreirovega/catalog/view/theme/black_justin/template/common/home.tpl on line 12
2016-01-08 19:12:20 - PHP Notice:  Undefined variable: baner_3 in /Applications/MAMP/htdocs/ferreirovega/catalog/view/theme/black_justin/template/common/home.tpl on line 17
2016-01-08 19:12:57 - PHP Notice:  Undefined index: key in /Applications/MAMP/htdocs/ferreirovega/catalog/view/theme/black_justin/template/common/cart.tpl on line 25
2016-01-08 19:13:12 - PHP Notice:  Undefined index: key in /Applications/MAMP/htdocs/ferreirovega/catalog/view/theme/black_justin/template/common/cart.tpl on line 25
2016-01-08 19:13:12 - PHP Notice:  Undefined variable: icon in /Applications/MAMP/htdocs/ferreirovega/catalog/view/theme/black_justin/template/common/header.tpl on line 20
2016-01-08 19:13:12 - PHP Notice:  Undefined variable: google_analytics in /Applications/MAMP/htdocs/ferreirovega/catalog/view/theme/black_justin/template/common/header.tpl on line 42
2016-01-08 19:15:16 - PHP Notice:  Undefined index: key in /Applications/MAMP/htdocs/ferreirovega/catalog/view/theme/black_justin/template/common/cart.tpl on line 25
2016-01-08 19:15:16 - PHP Notice:  Undefined variable: icon in /Applications/MAMP/htdocs/ferreirovega/catalog/view/theme/black_justin/template/common/header.tpl on line 20
2016-01-08 19:15:16 - PHP Notice:  Undefined variable: google_analytics in /Applications/MAMP/htdocs/ferreirovega/catalog/view/theme/black_justin/template/common/header.tpl on line 42
2016-01-08 19:16:48 - PHP Notice:  Undefined index: key in /Applications/MAMP/htdocs/ferreirovega/catalog/view/theme/black_justin/template/common/cart.tpl on line 25
2016-01-08 19:16:48 - PHP Notice:  Undefined variable: icon in /Applications/MAMP/htdocs/ferreirovega/catalog/view/theme/black_justin/template/common/header.tpl on line 20
2016-01-08 19:16:48 - PHP Notice:  Undefined variable: google_analytics in /Applications/MAMP/htdocs/ferreirovega/catalog/view/theme/black_justin/template/common/header.tpl on line 42
2016-01-08 19:17:04 - PHP Notice:  Undefined index: key in /Applications/MAMP/htdocs/ferreirovega/catalog/view/theme/black_justin/template/common/cart.tpl on line 25
2016-01-08 19:17:04 - PHP Notice:  Undefined variable: icon in /Applications/MAMP/htdocs/ferreirovega/catalog/view/theme/black_justin/template/common/header.tpl on line 20
2016-01-08 19:17:04 - PHP Notice:  Undefined variable: google_analytics in /Applications/MAMP/htdocs/ferreirovega/catalog/view/theme/black_justin/template/common/header.tpl on line 42
2016-01-08 19:17:07 - PHP Notice:  Undefined index: key in /Applications/MAMP/htdocs/ferreirovega/catalog/view/theme/black_justin/template/common/cart.tpl on line 25
2016-01-08 19:17:07 - PHP Notice:  Undefined variable: icon in /Applications/MAMP/htdocs/ferreirovega/catalog/view/theme/black_justin/template/common/header.tpl on line 20
2016-01-08 19:17:07 - PHP Notice:  Undefined variable: google_analytics in /Applications/MAMP/htdocs/ferreirovega/catalog/view/theme/black_justin/template/common/header.tpl on line 42
2016-01-08 19:19:55 - PHP Notice:  Undefined index: key in /Applications/MAMP/htdocs/ferreirovega/catalog/view/theme/black_justin/template/common/cart.tpl on line 25
2016-01-08 19:19:55 - PHP Notice:  Undefined variable: icon in /Applications/MAMP/htdocs/ferreirovega/catalog/view/theme/black_justin/template/common/header.tpl on line 20
2016-01-08 19:19:55 - PHP Notice:  Undefined variable: google_analytics in /Applications/MAMP/htdocs/ferreirovega/catalog/view/theme/black_justin/template/common/header.tpl on line 42
2016-01-08 19:34:39 - PHP Notice:  Undefined index: key in /Applications/MAMP/htdocs/ferreirovega/catalog/view/theme/black_justin/template/common/cart.tpl on line 25
2016-01-08 19:34:39 - PHP Notice:  Undefined variable: icon in /Applications/MAMP/htdocs/ferreirovega/catalog/view/theme/black_justin/template/common/header.tpl on line 20
2016-01-08 19:34:39 - PHP Notice:  Undefined variable: google_analytics in /Applications/MAMP/htdocs/ferreirovega/catalog/view/theme/black_justin/template/common/header.tpl on line 42
2016-01-08 19:34:55 - PHP Notice:  Undefined index: key in /Applications/MAMP/htdocs/ferreirovega/catalog/view/theme/black_justin/template/common/cart.tpl on line 25
2016-01-08 19:34:55 - PHP Notice:  Undefined variable: icon in /Applications/MAMP/htdocs/ferreirovega/catalog/view/theme/black_justin/template/common/header.tpl on line 20
2016-01-08 19:34:55 - PHP Notice:  Undefined variable: google_analytics in /Applications/MAMP/htdocs/ferreirovega/catalog/view/theme/black_justin/template/common/header.tpl on line 42
2016-01-08 19:35:18 - PHP Notice:  Undefined index: key in /Applications/MAMP/htdocs/ferreirovega/catalog/view/theme/black_justin/template/common/cart.tpl on line 25
2016-01-08 19:35:18 - PHP Notice:  Undefined variable: icon in /Applications/MAMP/htdocs/ferreirovega/catalog/view/theme/black_justin/template/common/header.tpl on line 20
2016-01-08 19:35:18 - PHP Notice:  Undefined variable: google_analytics in /Applications/MAMP/htdocs/ferreirovega/catalog/view/theme/black_justin/template/common/header.tpl on line 42
2016-01-08 19:36:55 - PHP Notice:  Undefined index: key in /Applications/MAMP/htdocs/ferreirovega/catalog/view/theme/black_justin/template/common/cart.tpl on line 25
2016-01-08 19:36:55 - PHP Notice:  Undefined variable: icon in /Applications/MAMP/htdocs/ferreirovega/catalog/view/theme/black_justin/template/common/header.tpl on line 20
2016-01-08 19:36:55 - PHP Notice:  Undefined variable: google_analytics in /Applications/MAMP/htdocs/ferreirovega/catalog/view/theme/black_justin/template/common/header.tpl on line 42
2016-01-08 19:38:11 - PHP Notice:  Undefined index: key in /Applications/MAMP/htdocs/ferreirovega/catalog/view/theme/black_justin/template/common/cart.tpl on line 25
2016-01-08 19:38:11 - PHP Notice:  Undefined variable: icon in /Applications/MAMP/htdocs/ferreirovega/catalog/view/theme/black_justin/template/common/header.tpl on line 20
2016-01-08 19:38:11 - PHP Notice:  Undefined variable: google_analytics in /Applications/MAMP/htdocs/ferreirovega/catalog/view/theme/black_justin/template/common/header.tpl on line 42
2016-01-08 19:38:53 - PHP Notice:  Undefined index: key in /Applications/MAMP/htdocs/ferreirovega/catalog/view/theme/black_justin/template/common/cart.tpl on line 25
2016-01-08 19:38:53 - PHP Notice:  Undefined variable: icon in /Applications/MAMP/htdocs/ferreirovega/catalog/view/theme/black_justin/template/common/header.tpl on line 20
2016-01-08 19:38:53 - PHP Notice:  Undefined variable: google_analytics in /Applications/MAMP/htdocs/ferreirovega/catalog/view/theme/black_justin/template/common/header.tpl on line 42
2016-01-08 19:40:57 - PHP Notice:  Undefined index: key in /Applications/MAMP/htdocs/ferreirovega/catalog/view/theme/black_justin/template/common/cart.tpl on line 25
2016-01-08 19:40:57 - PHP Notice:  Undefined variable: icon in /Applications/MAMP/htdocs/ferreirovega/catalog/view/theme/black_justin/template/common/header.tpl on line 20
2016-01-08 19:40:57 - PHP Notice:  Undefined variable: google_analytics in /Applications/MAMP/htdocs/ferreirovega/catalog/view/theme/black_justin/template/common/header.tpl on line 42
2016-01-08 19:41:04 - PHP Notice:  Undefined index: key in /Applications/MAMP/htdocs/ferreirovega/catalog/view/theme/black_justin/template/common/cart.tpl on line 25
2016-01-08 19:41:04 - PHP Notice:  Undefined variable: icon in /Applications/MAMP/htdocs/ferreirovega/catalog/view/theme/black_justin/template/common/header.tpl on line 20
2016-01-08 19:41:04 - PHP Notice:  Undefined variable: google_analytics in /Applications/MAMP/htdocs/ferreirovega/catalog/view/theme/black_justin/template/common/header.tpl on line 42
2016-01-08 19:43:59 - PHP Notice:  Undefined index: key in /Applications/MAMP/htdocs/ferreirovega/catalog/view/theme/black_justin/template/common/cart.tpl on line 25
2016-01-08 19:43:59 - PHP Notice:  Undefined variable: icon in /Applications/MAMP/htdocs/ferreirovega/catalog/view/theme/black_justin/template/common/header.tpl on line 20
2016-01-08 19:43:59 - PHP Notice:  Undefined variable: google_analytics in /Applications/MAMP/htdocs/ferreirovega/catalog/view/theme/black_justin/template/common/header.tpl on line 42
2016-01-08 19:44:14 - PHP Notice:  Undefined index: key in /Applications/MAMP/htdocs/ferreirovega/catalog/view/theme/black_justin/template/common/cart.tpl on line 25
2016-01-08 19:44:14 - PHP Notice:  Undefined variable: icon in /Applications/MAMP/htdocs/ferreirovega/catalog/view/theme/black_justin/template/common/header.tpl on line 20
2016-01-08 19:44:14 - PHP Notice:  Undefined variable: google_analytics in /Applications/MAMP/htdocs/ferreirovega/catalog/view/theme/black_justin/template/common/header.tpl on line 42
